Unsupposrted library path: C:\Users\Petr Myslík\Desktop\Workspace\1.12\build\classes\api
Unsupposrted library path: C:\Users\Petr Myslík\Desktop\Workspace\1.12\build\resources\api
Symbol range map extraction starting
Processing 116 files
startProcessing "com/mujmajnkraft/bettersurvival/BetterSurvivalPacketHandler.java" md5: f8aa7bb2caab3d94c7c9e9a3cf92f3e7
endProcessing "com/mujmajnkraft/bettersurvival/BetterSurvivalPacketHandler.java"

startProcessing "com/mujmajnkraft/bettersurvival/Bettersurvival.java" md5: 12b7dd63d58ec0ecc52ac4a51a5a6cdd
endProcessing "com/mujmajnkraft/bettersurvival/Bettersurvival.java"

startProcessing "com/mujmajnkraft/bettersurvival/ContainerWorkshop.java" md5: 05a56059107191e6a1f026a1c914e4fb
endProcessing "com/mujmajnkraft/bettersurvival/ContainerWorkshop.java"

startProcessing "com/mujmajnkraft/bettersurvival/CrushingRecipe.java" md5: bdd8889e37269130b8a3450fb566afff
endProcessing "com/mujmajnkraft/bettersurvival/CrushingRecipe.java"

startProcessing "com/mujmajnkraft/bettersurvival/ICustomWeapon.java" md5: 0d4234ca6fc8d833e861dcb7193995c5
endProcessing "com/mujmajnkraft/bettersurvival/ICustomWeapon.java"

startProcessing "com/mujmajnkraft/bettersurvival/IsConfigEnabled.java" md5: 0a1706490a6cbf27482b9f4f18a3b856
endProcessing "com/mujmajnkraft/bettersurvival/IsConfigEnabled.java"

startProcessing "com/mujmajnkraft/bettersurvival/MessageButtonPressed.java" md5: 3a4996ad11454f73f0c035a695b17ab0
endProcessing "com/mujmajnkraft/bettersurvival/MessageButtonPressed.java"

startProcessing "com/mujmajnkraft/bettersurvival/MessageExtendedReachAttack.java" md5: ed310bb661a5642337677135d0b73e45
endProcessing "com/mujmajnkraft/bettersurvival/MessageExtendedReachAttack.java"

startProcessing "com/mujmajnkraft/bettersurvival/MessageNunchakuSpinClient.java" md5: 37e9abadd0d4e9bb77ae3678a86ff02e
endProcessing "com/mujmajnkraft/bettersurvival/MessageNunchakuSpinClient.java"

startProcessing "com/mujmajnkraft/bettersurvival/MessageNunchakuSpinServer.java" md5: d83ca78ad9b61795044937015b3aab04
endProcessing "com/mujmajnkraft/bettersurvival/MessageNunchakuSpinServer.java"

startProcessing "com/mujmajnkraft/bettersurvival/MessageUseWeapon.java" md5: 3a674c7567fe7a852b3b3e2c582325da
endProcessing "com/mujmajnkraft/bettersurvival/MessageUseWeapon.java"

startProcessing "com/mujmajnkraft/bettersurvival/ModGUIHandler.java" md5: 5754cdfbf2f824350df2ef0c067898ff
endProcessing "com/mujmajnkraft/bettersurvival/ModGUIHandler.java"

startProcessing "com/mujmajnkraft/bettersurvival/RecipeCondition.java" md5: b408042a85cbef8d07ad6b690f539603
endProcessing "com/mujmajnkraft/bettersurvival/RecipeCondition.java"

startProcessing "com/mujmajnkraft/bettersurvival/Reference.java" md5: d2f70cb456bba915737e9c721b621e99
endProcessing "com/mujmajnkraft/bettersurvival/Reference.java"

startProcessing "com/mujmajnkraft/bettersurvival/WorkshopRecipe.java" md5: fb5c9d5871adaaec2587d2b896753067
endProcessing "com/mujmajnkraft/bettersurvival/WorkshopRecipe.java"

startProcessing "com/mujmajnkraft/bettersurvival/blocks/BlockCustomCauldron.java" md5: 71bce2a3f54fba43df8bd35634417157
endProcessing "com/mujmajnkraft/bettersurvival/blocks/BlockCustomCauldron.java"

startProcessing "com/mujmajnkraft/bettersurvival/blocks/BlockWorkshop.java" md5: 2546770393f59b634afdbd2f4894c302
endProcessing "com/mujmajnkraft/bettersurvival/blocks/BlockWorkshop.java"

startProcessing "com/mujmajnkraft/bettersurvival/capabilities/extendedarrowproperties/ArrowProperties.java" md5: ae58c9620c7ba845635d8c3c7dbe07e2
endProcessing "com/mujmajnkraft/bettersurvival/capabilities/extendedarrowproperties/ArrowProperties.java"

startProcessing "com/mujmajnkraft/bettersurvival/capabilities/extendedarrowproperties/ArrowPropertiesProvider.java" md5: 2fb14c0deb8c33ad53072c0e23eb3b04
endProcessing "com/mujmajnkraft/bettersurvival/capabilities/extendedarrowproperties/ArrowPropertiesProvider.java"

startProcessing "com/mujmajnkraft/bettersurvival/capabilities/extendedarrowproperties/IArrowProperties.java" md5: bd252f63744f26fc5113fe58f8d1854a
endProcessing "com/mujmajnkraft/bettersurvival/capabilities/extendedarrowproperties/IArrowProperties.java"

startProcessing "com/mujmajnkraft/bettersurvival/capabilities/nunchakucombo/INunchakuCombo.java" md5: c3f4e2beae817b594a7a2ee3f4a130b0
endProcessing "com/mujmajnkraft/bettersurvival/capabilities/nunchakucombo/INunchakuCombo.java"

startProcessing "com/mujmajnkraft/bettersurvival/capabilities/nunchakucombo/NunchakuCombo.java" md5: 2f4692e0d627338f85e54f118051f6aa
endProcessing "com/mujmajnkraft/bettersurvival/capabilities/nunchakucombo/NunchakuCombo.java"

startProcessing "com/mujmajnkraft/bettersurvival/capabilities/nunchakucombo/NunchakuComboProwider.java" md5: d59755874c0828cf634ce85b2b36d23a
endProcessing "com/mujmajnkraft/bettersurvival/capabilities/nunchakucombo/NunchakuComboProwider.java"

startProcessing "com/mujmajnkraft/bettersurvival/capabilities/spearsinentity/ISpearsIn.java" md5: b3c09800580b145501345f531d1e3459
endProcessing "com/mujmajnkraft/bettersurvival/capabilities/spearsinentity/ISpearsIn.java"

startProcessing "com/mujmajnkraft/bettersurvival/capabilities/spearsinentity/SpearsIn.java" md5: f92eb0bc3b4610728e2df3971c33a5d8
endProcessing "com/mujmajnkraft/bettersurvival/capabilities/spearsinentity/SpearsIn.java"

startProcessing "com/mujmajnkraft/bettersurvival/capabilities/spearsinentity/SpearsInProvider.java" md5: 4d468c3e7c25a43a4f989f71b93d323b
endProcessing "com/mujmajnkraft/bettersurvival/capabilities/spearsinentity/SpearsInProvider.java"

startProcessing "com/mujmajnkraft/bettersurvival/capabilities/weaponeffect/IWeaponEffect.java" md5: aa25c641190a3ad4282b9e7d3bc4450d
endProcessing "com/mujmajnkraft/bettersurvival/capabilities/weaponeffect/IWeaponEffect.java"

startProcessing "com/mujmajnkraft/bettersurvival/capabilities/weaponeffect/WeaponEffect.java" md5: c97a0feb5c0819d59342c52f4a6c5882
endProcessing "com/mujmajnkraft/bettersurvival/capabilities/weaponeffect/WeaponEffect.java"

startProcessing "com/mujmajnkraft/bettersurvival/capabilities/weaponeffect/WeaponEffectProvider.java" md5: 5655301881cb257f74078caf552207ef
endProcessing "com/mujmajnkraft/bettersurvival/capabilities/weaponeffect/WeaponEffectProvider.java"

startProcessing "com/mujmajnkraft/bettersurvival/client/GUIWorkshop.java" md5: e1271f09a7aef52cbe627d1dc9fc1bc2
endProcessing "com/mujmajnkraft/bettersurvival/client/GUIWorkshop.java"

startProcessing "com/mujmajnkraft/bettersurvival/client/GuiFactoryBetterSurvival.java" md5: 55e43ff6f8de4a77d8ecffdcb905c217
endProcessing "com/mujmajnkraft/bettersurvival/client/GuiFactoryBetterSurvival.java"

startProcessing "com/mujmajnkraft/bettersurvival/client/ModClientHandler.java" md5: 4d6800fd0d8ffda892ed97fa3e0f7a9b
endProcessing "com/mujmajnkraft/bettersurvival/client/ModClientHandler.java"

startProcessing "com/mujmajnkraft/bettersurvival/client/model/ModelBallista.java" md5: 4690ea8b4cd692989b702bc5015128e8
endProcessing "com/mujmajnkraft/bettersurvival/client/model/ModelBallista.java"

startProcessing "com/mujmajnkraft/bettersurvival/client/model/ModelBallistaBolt.java" md5: 90aefe5cd3ca3345f3ddd34d349db131
endProcessing "com/mujmajnkraft/bettersurvival/client/model/ModelBallistaBolt.java"

startProcessing "com/mujmajnkraft/bettersurvival/client/model/ModelCannon.java" md5: 1e7a64963a57b98675849056dca3fdb0
endProcessing "com/mujmajnkraft/bettersurvival/client/model/ModelCannon.java"

startProcessing "com/mujmajnkraft/bettersurvival/client/model/ModelCannonball.java" md5: eb168fabf3ae355fa7b51e426223edf4
endProcessing "com/mujmajnkraft/bettersurvival/client/model/ModelCannonball.java"

startProcessing "com/mujmajnkraft/bettersurvival/client/model/ModelCustomShield.java" md5: a978ae4d32415a8212d86480fee0a4de
endProcessing "com/mujmajnkraft/bettersurvival/client/model/ModelCustomShield.java"

startProcessing "com/mujmajnkraft/bettersurvival/client/model/ModelPotionThrower.java" md5: 03015584cb61de9a202f32794c5a2d66
endProcessing "com/mujmajnkraft/bettersurvival/client/model/ModelPotionThrower.java"

startProcessing "com/mujmajnkraft/bettersurvival/client/model/ModelZeppelin.java" md5: b9e5a7657056c42b2153769325abc944
endProcessing "com/mujmajnkraft/bettersurvival/client/model/ModelZeppelin.java"

startProcessing "com/mujmajnkraft/bettersurvival/client/render/CustomBlockColor.java" md5: 3070484dd77d1cc86428a817e52f5eaa
endProcessing "com/mujmajnkraft/bettersurvival/client/render/CustomBlockColor.java"

startProcessing "com/mujmajnkraft/bettersurvival/client/render/RenderBallista.java" md5: 87f1f61c4d37bfadb4b1fc80bc8de397
endProcessing "com/mujmajnkraft/bettersurvival/client/render/RenderBallista.java"

startProcessing "com/mujmajnkraft/bettersurvival/client/render/RenderBallistaBolt.java" md5: 6f272193b6d614a031c1485c798fdcda
endProcessing "com/mujmajnkraft/bettersurvival/client/render/RenderBallistaBolt.java"

startProcessing "com/mujmajnkraft/bettersurvival/client/render/RenderCannon.java" md5: 6752a088d01ebe2c2ec2a03b1bc5d17c
endProcessing "com/mujmajnkraft/bettersurvival/client/render/RenderCannon.java"

startProcessing "com/mujmajnkraft/bettersurvival/client/render/RenderCannonball.java" md5: 0169d0c638ed6618ef5869435daa5fa2
endProcessing "com/mujmajnkraft/bettersurvival/client/render/RenderCannonball.java"

startProcessing "com/mujmajnkraft/bettersurvival/client/render/RenderFlyingSpear.java" md5: d5b63b9c72545d1fe631b5c4c053f657
endProcessing "com/mujmajnkraft/bettersurvival/client/render/RenderFlyingSpear.java"

startProcessing "com/mujmajnkraft/bettersurvival/client/render/RenderPotionThrower.java" md5: 2e0ad4f0f0d7916dbb62fa33c266dbad
endProcessing "com/mujmajnkraft/bettersurvival/client/render/RenderPotionThrower.java"

startProcessing "com/mujmajnkraft/bettersurvival/client/render/RenderZeppelin.java" md5: f2f0951a35d3cb48bb501181f5725952
endProcessing "com/mujmajnkraft/bettersurvival/client/render/RenderZeppelin.java"

startProcessing "com/mujmajnkraft/bettersurvival/config/ConfigEventHandler.java" md5: 081145dd206470464c5b3d630c88688f
endProcessing "com/mujmajnkraft/bettersurvival/config/ConfigEventHandler.java"

startProcessing "com/mujmajnkraft/bettersurvival/config/ConfigHandler.java" md5: 1b85da83ab37a805ab2b5c5c5c56e663
endProcessing "com/mujmajnkraft/bettersurvival/config/ConfigHandler.java"

startProcessing "com/mujmajnkraft/bettersurvival/enchantments/EnchantmentAgility.java" md5: 6e194d1d6141a1876a56effbf7264bb4
endProcessing "com/mujmajnkraft/bettersurvival/enchantments/EnchantmentAgility.java"

startProcessing "com/mujmajnkraft/bettersurvival/enchantments/EnchantmentArrowRecovery.java" md5: 3def34c6623b585cfd130b772fb0021b
endProcessing "com/mujmajnkraft/bettersurvival/enchantments/EnchantmentArrowRecovery.java"

startProcessing "com/mujmajnkraft/bettersurvival/enchantments/EnchantmentBlast.java" md5: 8e2b2a91c8cddfb48aefd77400d77afb
endProcessing "com/mujmajnkraft/bettersurvival/enchantments/EnchantmentBlast.java"

startProcessing "com/mujmajnkraft/bettersurvival/enchantments/EnchantmentBlockPower.java" md5: 84b973a83d29a65454ec81d37596d985
endProcessing "com/mujmajnkraft/bettersurvival/enchantments/EnchantmentBlockPower.java"

startProcessing "com/mujmajnkraft/bettersurvival/enchantments/EnchantmentDiamonds.java" md5: 75fbb1a6430f22198c4a897e3d7aab87
endProcessing "com/mujmajnkraft/bettersurvival/enchantments/EnchantmentDiamonds.java"

startProcessing "com/mujmajnkraft/bettersurvival/enchantments/EnchantmentEducation.java" md5: bf9195d89390e541c58c18c646c278bb
endProcessing "com/mujmajnkraft/bettersurvival/enchantments/EnchantmentEducation.java"

startProcessing "com/mujmajnkraft/bettersurvival/enchantments/EnchantmentFling.java" md5: fa0e52b9259be4479c6b21c6669de43e
endProcessing "com/mujmajnkraft/bettersurvival/enchantments/EnchantmentFling.java"

startProcessing "com/mujmajnkraft/bettersurvival/enchantments/EnchantmentHeavy.java" md5: 68570c5a83881209ad67313397b8b43b
endProcessing "com/mujmajnkraft/bettersurvival/enchantments/EnchantmentHeavy.java"

startProcessing "com/mujmajnkraft/bettersurvival/enchantments/EnchantmentHighJump.java" md5: f397ac05bc4657a65533dd117f9986a4
endProcessing "com/mujmajnkraft/bettersurvival/enchantments/EnchantmentHighJump.java"

startProcessing "com/mujmajnkraft/bettersurvival/enchantments/EnchantmentMultishot.java" md5: 630b88973be0c9b4d8122281142ff17c
endProcessing "com/mujmajnkraft/bettersurvival/enchantments/EnchantmentMultishot.java"

startProcessing "com/mujmajnkraft/bettersurvival/enchantments/EnchantmentPenetration.java" md5: ec14c2a4223342f9cab0283381aab864
endProcessing "com/mujmajnkraft/bettersurvival/enchantments/EnchantmentPenetration.java"

startProcessing "com/mujmajnkraft/bettersurvival/enchantments/EnchantmentRange.java" md5: c8584685f5a218fd0f156dc339962340
endProcessing "com/mujmajnkraft/bettersurvival/enchantments/EnchantmentRange.java"

startProcessing "com/mujmajnkraft/bettersurvival/enchantments/EnchantmentRapidFire.java" md5: 1410fc61276d333cf8a16e1b7c7c67fa
endProcessing "com/mujmajnkraft/bettersurvival/enchantments/EnchantmentRapidFire.java"

startProcessing "com/mujmajnkraft/bettersurvival/enchantments/EnchantmentReflection.java" md5: aab7b2d00075b60773f252b93b870e2f
endProcessing "com/mujmajnkraft/bettersurvival/enchantments/EnchantmentReflection.java"

startProcessing "com/mujmajnkraft/bettersurvival/enchantments/EnchantmentSpecialBonus.java" md5: 15bb6716e8663318ff0d93fe967fff4e
endProcessing "com/mujmajnkraft/bettersurvival/enchantments/EnchantmentSpecialBonus.java"

startProcessing "com/mujmajnkraft/bettersurvival/enchantments/EnchantmentSpellShield.java" md5: 8a24a9d4d07c42c1afb3ffcf7aa3a0f6
endProcessing "com/mujmajnkraft/bettersurvival/enchantments/EnchantmentSpellShield.java"

startProcessing "com/mujmajnkraft/bettersurvival/enchantments/EnchantmentTunneling.java" md5: ad74b5b6dd6832e07a4d44737a67d46b
endProcessing "com/mujmajnkraft/bettersurvival/enchantments/EnchantmentTunneling.java"

startProcessing "com/mujmajnkraft/bettersurvival/enchantments/EnchantmentVampirism.java" md5: de0c49a62aab6a264a52cf020b573fd8
endProcessing "com/mujmajnkraft/bettersurvival/enchantments/EnchantmentVampirism.java"

startProcessing "com/mujmajnkraft/bettersurvival/enchantments/EnchantmentVersatility.java" md5: 4ad268c2715c0ae8d039c10d2dbbfed2
endProcessing "com/mujmajnkraft/bettersurvival/enchantments/EnchantmentVersatility.java"

startProcessing "com/mujmajnkraft/bettersurvival/enchantments/EnchantmentVitality.java" md5: 56876b6198ab5e1a08190f02fe77296d
endProcessing "com/mujmajnkraft/bettersurvival/enchantments/EnchantmentVitality.java"

startProcessing "com/mujmajnkraft/bettersurvival/enchantments/EnchantmentWeightless.java" md5: 0958a0be7557152fb0283015e175b4ed
endProcessing "com/mujmajnkraft/bettersurvival/enchantments/EnchantmentWeightless.java"

startProcessing "com/mujmajnkraft/bettersurvival/enchantments/EnchatnmentSmelting.java" md5: 08f2417832b435f4e3327103f442babc
endProcessing "com/mujmajnkraft/bettersurvival/enchantments/EnchatnmentSmelting.java"

startProcessing "com/mujmajnkraft/bettersurvival/entities/EntityAirBallon.java" md5: a4f89ac11b14b73eb0c880b51e31a82c
endProcessing "com/mujmajnkraft/bettersurvival/entities/EntityAirBallon.java"

startProcessing "com/mujmajnkraft/bettersurvival/entities/projectiles/EntityBallistaBolt.java" md5: b62f6d85dcc4bd1d323f544844ffd7c7
endProcessing "com/mujmajnkraft/bettersurvival/entities/projectiles/EntityBallistaBolt.java"

startProcessing "com/mujmajnkraft/bettersurvival/entities/projectiles/EntityCannonball.java" md5: 7abe4ad2d023b5740049749029b29068
endProcessing "com/mujmajnkraft/bettersurvival/entities/projectiles/EntityCannonball.java"

startProcessing "com/mujmajnkraft/bettersurvival/entities/projectiles/EntityFlyingSpear.java" md5: a82f53225c5b8e053e01c271af6b6b35
endProcessing "com/mujmajnkraft/bettersurvival/entities/projectiles/EntityFlyingSpear.java"

startProcessing "com/mujmajnkraft/bettersurvival/entities/siegeweapons/EntityBallista.java" md5: 5361f1e319337503ed292b36aa748e68
endProcessing "com/mujmajnkraft/bettersurvival/entities/siegeweapons/EntityBallista.java"

startProcessing "com/mujmajnkraft/bettersurvival/entities/siegeweapons/EntityCannon.java" md5: ac0bdf1f2c3ebe319b5947f687e42111
endProcessing "com/mujmajnkraft/bettersurvival/entities/siegeweapons/EntityCannon.java"

startProcessing "com/mujmajnkraft/bettersurvival/entities/siegeweapons/EntityPotionThrower.java" md5: f77db7d3a4af9f8fabcc6b22fbcd135a
endProcessing "com/mujmajnkraft/bettersurvival/entities/siegeweapons/EntityPotionThrower.java"

startProcessing "com/mujmajnkraft/bettersurvival/entities/siegeweapons/EntitySiegeWeapon.java" md5: 8639da4cab1195a5302b1b2cffa8ff88
endProcessing "com/mujmajnkraft/bettersurvival/entities/siegeweapons/EntitySiegeWeapon.java"

startProcessing "com/mujmajnkraft/bettersurvival/entities/siegeweapons/EntityZeppelin.java" md5: 83129a93a2b2fdb40653b5b4d2a1b2cc
endProcessing "com/mujmajnkraft/bettersurvival/entities/siegeweapons/EntityZeppelin.java"

startProcessing "com/mujmajnkraft/bettersurvival/entities/siegeweapons/EnumWeaponType.java" md5: 16453ef205c7d0ce7f6b2966de85ee9d
endProcessing "com/mujmajnkraft/bettersurvival/entities/siegeweapons/EnumWeaponType.java"

startProcessing "com/mujmajnkraft/bettersurvival/eventhandlers/ModEnchantmentHandler.java" md5: eca8c911fa5b285c3ef627f93099c036
endProcessing "com/mujmajnkraft/bettersurvival/eventhandlers/ModEnchantmentHandler.java"

startProcessing "com/mujmajnkraft/bettersurvival/eventhandlers/ModLootHandler.java" md5: b52814dc8bef005222fc3e6193afed2f
endProcessing "com/mujmajnkraft/bettersurvival/eventhandlers/ModLootHandler.java"

startProcessing "com/mujmajnkraft/bettersurvival/eventhandlers/ModShieldHandler.java" md5: a4f72c8c823454c020c34845f526433f
endProcessing "com/mujmajnkraft/bettersurvival/eventhandlers/ModShieldHandler.java"

startProcessing "com/mujmajnkraft/bettersurvival/eventhandlers/ModWeaponHandler.java" md5: 6dfc86f69a32a28dbb4cec4376a1f351
endProcessing "com/mujmajnkraft/bettersurvival/eventhandlers/ModWeaponHandler.java"

startProcessing "com/mujmajnkraft/bettersurvival/eventhandlers/TickEventHandler.java" md5: 93386b4c41a0db9396440af0adff10ae
endProcessing "com/mujmajnkraft/bettersurvival/eventhandlers/TickEventHandler.java"

startProcessing "com/mujmajnkraft/bettersurvival/init/BlankRecipe.java" md5: 11ad0b429dc44d978020249d0d5f3419
endProcessing "com/mujmajnkraft/bettersurvival/init/BlankRecipe.java"

startProcessing "com/mujmajnkraft/bettersurvival/init/ModBlocks.java" md5: 561f4089d69df0df6472672d00da3f35
endProcessing "com/mujmajnkraft/bettersurvival/init/ModBlocks.java"

startProcessing "com/mujmajnkraft/bettersurvival/init/ModCrafting.java" md5: 0582183c02905a04f990608b064776f8
endProcessing "com/mujmajnkraft/bettersurvival/init/ModCrafting.java"

startProcessing "com/mujmajnkraft/bettersurvival/init/ModEnchantments.java" md5: c72713f4507f2b83056e24fe255fb3c7
endProcessing "com/mujmajnkraft/bettersurvival/init/ModEnchantments.java"

startProcessing "com/mujmajnkraft/bettersurvival/init/ModEntities.java" md5: e8c8fec56125c419bc0ad02d7a1887f5
endProcessing "com/mujmajnkraft/bettersurvival/init/ModEntities.java"

startProcessing "com/mujmajnkraft/bettersurvival/init/ModItems.java" md5: 4454be749b004c9525e708c3d527f8e6
endProcessing "com/mujmajnkraft/bettersurvival/init/ModItems.java"

startProcessing "com/mujmajnkraft/bettersurvival/init/ModItleEntities.java" md5: 69a9326bfea63408e96fe92c03bec607
endProcessing "com/mujmajnkraft/bettersurvival/init/ModItleEntities.java"

startProcessing "com/mujmajnkraft/bettersurvival/init/ModLootManager.java" md5: 46ef40383110d37b4a1038326ddd2f7e
endProcessing "com/mujmajnkraft/bettersurvival/init/ModLootManager.java"

startProcessing "com/mujmajnkraft/bettersurvival/init/ModPotionTypes.java" md5: d14c4a8b3c0b2653955d3370b4eaa9ef
endProcessing "com/mujmajnkraft/bettersurvival/init/ModPotionTypes.java"

startProcessing "com/mujmajnkraft/bettersurvival/init/ModPotions.java" md5: ed4e666e74c7eb0e21c070ed583b09fe
endProcessing "com/mujmajnkraft/bettersurvival/init/ModPotions.java"

startProcessing "com/mujmajnkraft/bettersurvival/items/CustomShieldRecipe.java" md5: 6248b5756430af4c1be3cc979910e3aa
endProcessing "com/mujmajnkraft/bettersurvival/items/CustomShieldRecipe.java"

startProcessing "com/mujmajnkraft/bettersurvival/items/ItemAmmo.java" md5: 302af1515257dca194571fb3e6a9d39b
endProcessing "com/mujmajnkraft/bettersurvival/items/ItemAmmo.java"

startProcessing "com/mujmajnkraft/bettersurvival/items/ItemBattleAxe.java" md5: ff86585e25273f38f9319cc3cbc3d911
endProcessing "com/mujmajnkraft/bettersurvival/items/ItemBattleAxe.java"

startProcessing "com/mujmajnkraft/bettersurvival/items/ItemBlueprint.java" md5: f2f5db062607471fe185b925479b4ed7
endProcessing "com/mujmajnkraft/bettersurvival/items/ItemBlueprint.java"

startProcessing "com/mujmajnkraft/bettersurvival/items/ItemCrossbow.java" md5: 5601e0d5f7e857300dcc017358927009
endProcessing "com/mujmajnkraft/bettersurvival/items/ItemCrossbow.java"

startProcessing "com/mujmajnkraft/bettersurvival/items/ItemCustomShield.java" md5: 48dae269e0d60054bb39532b1ab3d409
endProcessing "com/mujmajnkraft/bettersurvival/items/ItemCustomShield.java"

startProcessing "com/mujmajnkraft/bettersurvival/items/ItemDagger.java" md5: cd243b98c5909451beb73404295fc338
endProcessing "com/mujmajnkraft/bettersurvival/items/ItemDagger.java"

startProcessing "com/mujmajnkraft/bettersurvival/items/ItemHammer.java" md5: 69780ca0384fdf41449ef2910d657550
endProcessing "com/mujmajnkraft/bettersurvival/items/ItemHammer.java"

startProcessing "com/mujmajnkraft/bettersurvival/items/ItemNunchaku.java" md5: 30ce1b54314deb809112316720e21fde
endProcessing "com/mujmajnkraft/bettersurvival/items/ItemNunchaku.java"

startProcessing "com/mujmajnkraft/bettersurvival/items/ItemSpear.java" md5: 4cff42821337e8da3d1e0d60d8bf4dd9
endProcessing "com/mujmajnkraft/bettersurvival/items/ItemSpear.java"

startProcessing "com/mujmajnkraft/bettersurvival/items/ItemWeaponPlacer.java" md5: 718b3e7debfc0c7abd5735d781006826
endProcessing "com/mujmajnkraft/bettersurvival/items/ItemWeaponPlacer.java"

startProcessing "com/mujmajnkraft/bettersurvival/potions/PotionCleanse.java" md5: 08f3bc8aa49d3f08bb551598ec3afe09
endProcessing "com/mujmajnkraft/bettersurvival/potions/PotionCleanse.java"

startProcessing "com/mujmajnkraft/bettersurvival/potions/PotionMilk.java" md5: 15690203633a87b35735a4a9b063e124
endProcessing "com/mujmajnkraft/bettersurvival/potions/PotionMilk.java"

startProcessing "com/mujmajnkraft/bettersurvival/potions/PotionStun.java" md5: 8f5f296ef171cb213010405e2dac938e
endProcessing "com/mujmajnkraft/bettersurvival/potions/PotionStun.java"

startProcessing "com/mujmajnkraft/bettersurvival/potions/PotionWarp.java" md5: 953c845f44d2a44320fd879e839e83a0
endProcessing "com/mujmajnkraft/bettersurvival/potions/PotionWarp.java"

startProcessing "com/mujmajnkraft/bettersurvival/proxy/ClientProxy.java" md5: fecbf0569fa3b7c2b8cd7c7dbea36e58
endProcessing "com/mujmajnkraft/bettersurvival/proxy/ClientProxy.java"

startProcessing "com/mujmajnkraft/bettersurvival/proxy/CommonProxy.java" md5: e5e83d1a509ddc4ee34396fc29a3b36e
endProcessing "com/mujmajnkraft/bettersurvival/proxy/CommonProxy.java"

startProcessing "com/mujmajnkraft/bettersurvival/proxy/ServerProxy.java" md5: fb321695e26a90f396936773b94773fe
endProcessing "com/mujmajnkraft/bettersurvival/proxy/ServerProxy.java"

startProcessing "com/mujmajnkraft/bettersurvival/tileentities/TileEntityCustomCauldron.java" md5: 85bd4275f1ca74c41c4dc064826a4945
endProcessing "com/mujmajnkraft/bettersurvival/tileentities/TileEntityCustomCauldron.java"

startProcessing "com/mujmajnkraft/bettersurvival/tileentities/TileEntityWorkshop.java" md5: 8abbaa3bbe7607684d0208fe2ab969a0
endProcessing "com/mujmajnkraft/bettersurvival/tileentities/TileEntityWorkshop.java"

