#
# A fatal error has been detected by the Java Runtime Environment:
#
#  EXCEPTION_ACCESS_VIOLATION (0xc0000005) at pc=0x000000001fff1066, pid=3680, tid=0x0000000000002b48
#
# JRE version: Java(TM) SE Runtime Environment (8.0_101-b13) (build 1.8.0_101-b13)
# Java VM: Java HotSpot(TM) 64-Bit Server VM (25.101-b13 mixed mode windows-amd64 compressed oops)
# Problematic frame:
# C  [OpenAL64.dll+0x11066]
#
# Failed to write core dump. Minidumps are not enabled by default on client versions of Windows
#
# If you would like to submit a bug report, please visit:
#   http://bugreport.java.com/bugreport/crash.jsp
# The crash happened outside the Java Virtual Machine in native code.
# See problematic frame for where to report the bug.
#

---------------  T H R E A D  ---------------

Current thread (0x000000001b11f800):  JavaThread "Thread-8" [_thread_in_native, id=11080, stack(0x000000002a3d0000,0x000000002a4d0000)]

siginfo: ExceptionCode=0xc0000005, reading address 0x000000001aed7004

Registers:
RAX=0x0000000000000004, RBX=0x000000002a0d0090, RCX=0x000000001aed7008, RDX=0x000000001aed7004
RSP=0x000000002a4cf2d0, RBP=0x00000000000000ff, RSI=0x000000001aed4c4c, RDI=0x0000000000000000
R8 =0x00000000000008ee, R9 =0x000000001aed4c4c, R10=0x0000000002127f28, R11=0x000000005a7cb4a0
R12=0x0000000000000001, R13=0x000000002a570180, R14=0x000000002a4cf468, R15=0x000000001b11f800
RIP=0x000000001fff1066, EFLAGS=0x0000000000010202

Top of Stack: (sp=0x000000002a4cf2d0)
0x000000002a4cf2d0:   0000000000000000 000000005a66d01b
0x000000002a4cf2e0:   000000001b11f800 000000001b11f800
0x000000002a4cf2f0:   000000002a570180 0000000000000000
0x000000002a4cf300:   000000001b11f800 000000001aed0ac0
0x000000002a4cf310:   000000002a570180 000000002a4cf468
0x000000002a4cf320:   0000000018d86c90 000000005a65b1d6
0x000000002a4cf330:   000000002a4cfad8 00000000187edb80
0x000000002a4cf340:   000000001b11f800 000000002a4cf468
0x000000002a4cf350:   000000002a570180 0000000000000000
0x000000002a4cf360:   000000001aed4c4c 00000000820cb4c8
0x000000002a4cf370:   000000002a4cf430 000000001fff248f
0x000000002a4cf380:   000000002a0d0090 000000002a0d0090
0x000000002a4cf390:   000000000000ac44 0000000000000004
0x000000002a4cf3a0:   0000000000000010 0000000002127f54
0x000000002a4cf3b0:   000000002a570180 0000000002127cbd
0x000000002a4cf3c0:   000000001b11f800 000000002a570180 

Instructions: (pc=0x000000001fff1066)
0x000000001fff1046:   41 2b ec 81 3a 03 00 02 00 75 09 8b 01 89 84 24
0x000000001fff1056:   c8 00 00 00 49 83 c0 02 48 83 c1 08 4a 8d 14 86
0x000000001fff1066:   39 3a 75 af 4c 8d 84 24 c0 00 00 00 48 8d 15 d7
0x000000001fff1076:   2b 03 00 33 c9 e8 58 5f 00 00 b8 40 1f 00 00 4c 


Register to memory mapping:

RAX=0x0000000000000004 is an unknown value
RBX=0x000000002a0d0090 is an unknown value
RCX=0x000000001aed7008 is an unknown value
RDX=0x000000001aed7004 is an unknown value
RSP=0x000000002a4cf2d0 is pointing into the stack for thread: 0x000000001b11f800
RBP=0x00000000000000ff is an unknown value
RSI=0x000000001aed4c4c is an unknown value
RDI=0x0000000000000000 is an unknown value
R8 =0x00000000000008ee is an unknown value
R9 =0x000000001aed4c4c is an unknown value
R10=0x0000000002127f28 is at code_begin+840 in an Interpreter codelet
method entry point (kind = native)  [0x0000000002127be0, 0x0000000002128540]  2400 bytes
R11=0x000000005a7cb4a0 is an unknown value
R12=0x0000000000000001 is an unknown value
R13={method} {0x000000002a570188} 'nalcCreateContext' '(JJ)J' in 'org/lwjgl/openal/ALC10'
R14=0x000000002a4cf468 is pointing into the stack for thread: 0x000000001b11f800
R15=0x000000001b11f800 is a thread


Stack: [0x000000002a3d0000,0x000000002a4d0000],  sp=0x000000002a4cf2d0,  free space=1020k
Native frames: (J=compiled Java code, j=interpreted, Vv=VM code, C=native code)
C  [OpenAL64.dll+0x11066]
C  [OpenAL64.dll+0x1248f]
C  0x0000000002127f54

Java frames: (J=compiled Java code, j=interpreted, Vv=VM code)
j  org.lwjgl.openal.ALC10.nalcCreateContext(JJ)J+0
j  org.lwjgl.openal.ALC10.alcCreateContext(Lorg/lwjgl/openal/ALCdevice;Ljava/nio/IntBuffer;)Lorg/lwjgl/openal/ALCcontext;+8
j  org.lwjgl.openal.AL.init(Ljava/lang/String;IIZZ)V+69
j  org.lwjgl.openal.AL.create(Ljava/lang/String;IIZZ)V+246
j  org.lwjgl.openal.AL.create(Ljava/lang/String;IIZ)V+5
j  org.lwjgl.openal.AL.create()V+6
j  paulscode.sound.libraries.LibraryLWJGLOpenAL.init()V+2
j  paulscode.sound.SoundSystem.CommandNewLibrary(Ljava/lang/Class;)V+273
j  paulscode.sound.SoundSystem.CommandQueue(Lpaulscode/sound/CommandObject;)Z+1206
j  paulscode.sound.CommandThread.run()V+51
v  ~StubRoutines::call_stub

---------------  P R O C E S S  ---------------

Java Threads: ( => current thread )
  0x000000001c0b7000 JavaThread "Thread-9" [_thread_blocked, id=9920, stack(0x000000002a6d0000,0x000000002a7d0000)]
=>0x000000001b11f800 JavaThread "Thread-8" [_thread_in_native, id=11080, stack(0x000000002a3d0000,0x000000002a4d0000)]
  0x00000000192e2000 JavaThread "Sound Library Loader" [_thread_blocked, id=5484, stack(0x000000002a2d0000,0x000000002a3d0000)]
  0x0000000019c43000 JavaThread "Keep-Alive-Timer" daemon [_thread_blocked, id=12468, stack(0x000000002a1d0000,0x000000002a2d0000)]
  0x000000001d3e0000 JavaThread "LWJGL Timer" daemon [_thread_blocked, id=12000, stack(0x0000000029dd0000,0x0000000029ed0000)]
  0x000000001d477800 JavaThread "Thread-6" [_thread_blocked, id=3724, stack(0x00000000259e0000,0x0000000025ae0000)]
  0x000000001918f800 JavaThread "Java2D Disposer" daemon [_thread_blocked, id=5140, stack(0x000000001fde0000,0x000000001fee0000)]
  0x0000000018739000 JavaThread "Timer hack thread" daemon [_thread_blocked, id=11324, stack(0x000000001f8c0000,0x000000001f9c0000)]
  0x000000001d2c3800 JavaThread "Snooper Timer" daemon [_thread_blocked, id=5776, stack(0x000000001d040000,0x000000001d140000)]
  0x0000000018693800 JavaThread "Service Thread" daemon [_thread_blocked, id=4224, stack(0x0000000018a60000,0x0000000018b60000)]
  0x0000000016c31800 JavaThread "C1 CompilerThread2" daemon [_thread_blocked, id=9472, stack(0x0000000018560000,0x0000000018660000)]
  0x0000000016c0c000 JavaThread "C2 CompilerThread1" daemon [_thread_in_native, id=11800, stack(0x0000000018460000,0x0000000018560000)]
  0x0000000016c05800 JavaThread "C2 CompilerThread0" daemon [_thread_in_native, id=2388, stack(0x0000000018360000,0x0000000018460000)]
  0x0000000016c04800 JavaThread "Attach Listener" daemon [_thread_blocked, id=11556, stack(0x0000000018260000,0x0000000018360000)]
  0x0000000016c03800 JavaThread "Signal Dispatcher" daemon [_thread_blocked, id=10072, stack(0x0000000018160000,0x0000000018260000)]
  0x0000000016bf0000 JavaThread "Finalizer" daemon [_thread_blocked, id=11836, stack(0x0000000017e70000,0x0000000017f70000)]
  0x0000000016bc9000 JavaThread "Reference Handler" daemon [_thread_blocked, id=9800, stack(0x0000000017d70000,0x0000000017e70000)]
  0x0000000002015000 JavaThread "Client thread" [_thread_in_vm, id=12020, stack(0x0000000001ec0000,0x0000000001fc0000)]

Other Threads:
  0x0000000016bc7800 VMThread [stack: 0x0000000017c70000,0x0000000017d70000] [id=2408]
  0x000000001869d000 WatcherThread [stack: 0x0000000018b60000,0x0000000018c60000] [id=10092]

VM state:not at safepoint (normal execution)

VM Mutex/Monitor currently owned by a thread: None

Heap:
 PSYoungGen      total 646656K, used 33232K [0x00000000d6000000, 0x0000000100000000, 0x0000000100000000)
  eden space 604160K, 5% used [0x00000000d6000000,0x00000000d8074318,0x00000000fae00000)
  from space 42496K, 0% used [0x00000000fd680000,0x00000000fd680000,0x0000000100000000)
  to   space 41472K, 0% used [0x00000000fae00000,0x00000000fae00000,0x00000000fd680000)
 ParOldGen       total 218112K, used 103587K [0x0000000082000000, 0x000000008f500000, 0x00000000d6000000)
  object space 218112K, 47% used [0x0000000082000000,0x0000000088528c48,0x000000008f500000)
 Metaspace       used 35833K, capacity 36091K, committed 36352K, reserved 1081344K
  class space    used 4710K, capacity 4821K, committed 4864K, reserved 1048576K

Card table byte_map: [0x00000000114d0000,0x00000000118d0000] byte_map_base: 0x00000000110c0000

Marking Bits: (ParMarkBitMap*) 0x000000005adba6d0
 Begin Bits: [0x0000000011f70000, 0x0000000013ef0000)
 End Bits:   [0x0000000013ef0000, 0x0000000015e70000)

Polling page: 0x0000000000660000

CodeCache: size=245760Kb used=12585Kb max_used=13268Kb free=233174Kb
 bounds [0x0000000002110000, 0x0000000002e20000, 0x0000000011110000]
 total_blobs=4274 nmethods=3601 adapters=584
 compilation: enabled

Compilation events (10 events):
Event: 20.897 Thread 0x0000000016c31800 4714       2       java.util.LinkedHashMap::<init> (16 bytes)
Event: 20.897 Thread 0x0000000016c31800 nmethod 4714 0x0000000002765ad0 code [0x0000000002765c40, 0x0000000002765dc8]
Event: 20.897 Thread 0x0000000016c31800 4715       2       net.minecraft.client.renderer.block.statemap.StateMapperBase::getPropertyName (8 bytes)
Event: 20.897 Thread 0x0000000016c31800 nmethod 4715 0x0000000002765710 code [0x0000000002765880, 0x0000000002765a08]
Event: 20.903 Thread 0x0000000016c31800 4716       2       net.minecraft.client.resources.LegacyV2Adapter::resourceExists (15 bytes)
Event: 20.903 Thread 0x0000000016c31800 nmethod 4716 0x00000000028e8b50 code [0x00000000028e8cc0, 0x00000000028e8e58]
Event: 20.904 Thread 0x0000000016c31800 4717       3       java.util.HashMap::putVal (300 bytes)
Event: 20.905 Thread 0x0000000016c31800 nmethod 4717 0x00000000025c8810 code [0x00000000025c8a80, 0x00000000025c9d38]
Event: 20.935 Thread 0x0000000016c31800 4718       2       org.objectweb.asm.MethodWriter::put (1602 bytes)
Event: 20.940 Thread 0x0000000016c31800 nmethod 4718 0x0000000002adc590 code [0x0000000002adcc40, 0x0000000002ade5b8]

GC Heap History (10 events):
Event: 6.639 GC heap before
{Heap before GC invocations=13 (full 2):
 PSYoungGen      total 477184K, used 14833K [0x00000000d6000000, 0x00000000fd100000, 0x0000000100000000)
  eden space 450048K, 0% used [0x00000000d6000000,0x00000000d6000000,0x00000000f1780000)
  from space 27136K, 54% used [0x00000000f1780000,0x00000000f25fc5c0,0x00000000f3200000)
  to   space 26112K, 0% used [0x00000000fb780000,0x00000000fb780000,0x00000000fd100000)
 ParOldGen       total 86016K, used 82397K [0x0000000082000000, 0x0000000087400000, 0x00000000d6000000)
  object space 86016K, 95% used [0x0000000082000000,0x0000000087077468,0x0000000087400000)
 Metaspace       used 20819K, capacity 21006K, committed 21296K, reserved 1069056K
  class space    used 2592K, capacity 2665K, committed 2688K, reserved 1048576K
Event: 6.868 GC heap after
Heap after GC invocations=13 (full 2):
 PSYoungGen      total 477184K, used 0K [0x00000000d6000000, 0x00000000fd100000, 0x0000000100000000)
  eden space 450048K, 0% used [0x00000000d6000000,0x00000000d6000000,0x00000000f1780000)
  from space 27136K, 0% used [0x00000000f1780000,0x00000000f1780000,0x00000000f3200000)
  to   space 26112K, 0% used [0x00000000fb780000,0x00000000fb780000,0x00000000fd100000)
 ParOldGen       total 131584K, used 62502K [0x0000000082000000, 0x000000008a080000, 0x00000000d6000000)
  object space 131584K, 47% used [0x0000000082000000,0x0000000085d09a20,0x000000008a080000)
 Metaspace       used 20819K, capacity 21006K, committed 21296K, reserved 1069056K
  class space    used 2592K, capacity 2665K, committed 2688K, reserved 1048576K
}
Event: 8.478 GC heap before
{Heap before GC invocations=14 (full 2):
 PSYoungGen      total 477184K, used 450048K [0x00000000d6000000, 0x00000000fd100000, 0x0000000100000000)
  eden space 450048K, 100% used [0x00000000d6000000,0x00000000f1780000,0x00000000f1780000)
  from space 27136K, 0% used [0x00000000f1780000,0x00000000f1780000,0x00000000f3200000)
  to   space 26112K, 0% used [0x00000000fb780000,0x00000000fb780000,0x00000000fd100000)
 ParOldGen       total 131584K, used 62502K [0x0000000082000000, 0x000000008a080000, 0x00000000d6000000)
  object space 131584K, 47% used [0x0000000082000000,0x0000000085d09a20,0x000000008a080000)
 Metaspace       used 25029K, capacity 25262K, committed 25728K, reserved 1071104K
  class space    used 3468K, capacity 3593K, committed 3712K, reserved 1048576K
Event: 8.507 GC heap after
Heap after GC invocations=14 (full 2):
 PSYoungGen      total 583168K, used 19420K [0x00000000d6000000, 0x00000000fca80000, 0x0000000100000000)
  eden space 563712K, 0% used [0x00000000d6000000,0x00000000d6000000,0x00000000f8680000)
  from space 19456K, 99% used [0x00000000fb780000,0x00000000fca77288,0x00000000fca80000)
  to   space 26624K, 0% used [0x00000000f9680000,0x00000000f9680000,0x00000000fb080000)
 ParOldGen       total 131584K, used 62502K [0x0000000082000000, 0x000000008a080000, 0x00000000d6000000)
  object space 131584K, 47% used [0x0000000082000000,0x0000000085d09a20,0x000000008a080000)
 Metaspace       used 25029K, capacity 25262K, committed 25728K, reserved 1071104K
  class space    used 3468K, capacity 3593K, committed 3712K, reserved 1048576K
}
Event: 13.092 GC heap before
{Heap before GC invocations=15 (full 2):
 PSYoungGen      total 583168K, used 583132K [0x00000000d6000000, 0x00000000fca80000, 0x0000000100000000)
  eden space 563712K, 100% used [0x00000000d6000000,0x00000000f8680000,0x00000000f8680000)
  from space 19456K, 99% used [0x00000000fb780000,0x00000000fca77288,0x00000000fca80000)
  to   space 26624K, 0% used [0x00000000f9680000,0x00000000f9680000,0x00000000fb080000)
 ParOldGen       total 131584K, used 62502K [0x0000000082000000, 0x000000008a080000, 0x00000000d6000000)
  object space 131584K, 47% used [0x0000000082000000,0x0000000085d09a20,0x000000008a080000)
 Metaspace       used 31694K, capacity 31989K, committed 32256K, reserved 1077248K
  class space    used 4188K, capacity 4267K, committed 4352K, reserved 1048576K
Event: 13.138 GC heap after
Heap after GC invocations=15 (full 2):
 PSYoungGen      total 606720K, used 26623K [0x00000000d6000000, 0x0000000100000000, 0x0000000100000000)
  eden space 580096K, 0% used [0x00000000d6000000,0x00000000d6000000,0x00000000f9680000)
  from space 26624K, 99% used [0x00000000f9680000,0x00000000fb07fd70,0x00000000fb080000)
  to   space 42496K, 0% used [0x00000000fd680000,0x00000000fd680000,0x0000000100000000)
 ParOldGen       total 131584K, used 97760K [0x0000000082000000, 0x000000008a080000, 0x00000000d6000000)
  object space 131584K, 74% used [0x0000000082000000,0x0000000087f782b8,0x000000008a080000)
 Metaspace       used 31694K, capacity 31989K, committed 32256K, reserved 1077248K
  class space    used 4188K, capacity 4267K, committed 4352K, reserved 1048576K
}
Event: 20.391 GC heap before
{Heap before GC invocations=16 (full 2):
 PSYoungGen      total 606720K, used 572419K [0x00000000d6000000, 0x0000000100000000, 0x0000000100000000)
  eden space 580096K, 94% used [0x00000000d6000000,0x00000000f7501060,0x00000000f9680000)
  from space 26624K, 99% used [0x00000000f9680000,0x00000000fb07fd70,0x00000000fb080000)
  to   space 42496K, 0% used [0x00000000fd680000,0x00000000fd680000,0x0000000100000000)
 ParOldGen       total 131584K, used 97760K [0x0000000082000000, 0x000000008a080000, 0x00000000d6000000)
  object space 131584K, 74% used [0x0000000082000000,0x0000000087f782b8,0x000000008a080000)
 Metaspace       used 35018K, capacity 35195K, committed 35456K, reserved 1079296K
  class space    used 4623K, capacity 4693K, committed 4736K, reserved 1048576K
Event: 20.425 GC heap after
Heap after GC invocations=16 (full 2):
 PSYoungGen      total 646656K, used 13321K [0x00000000d6000000, 0x0000000100000000, 0x0000000100000000)
  eden space 604160K, 0% used [0x00000000d6000000,0x00000000d6000000,0x00000000fae00000)
  from space 42496K, 31% used [0x00000000fd680000,0x00000000fe382730,0x0000000100000000)
  to   space 41472K, 0% used [0x00000000fae00000,0x00000000fae00000,0x00000000fd680000)
 ParOldGen       total 131584K, used 123425K [0x0000000082000000, 0x000000008a080000, 0x00000000d6000000)
  object space 131584K, 93% used [0x0000000082000000,0x0000000089888430,0x000000008a080000)
 Metaspace       used 35018K, capacity 35195K, committed 35456K, reserved 1079296K
  class space    used 4623K, capacity 4693K, committed 4736K, reserved 1048576K
}
Event: 20.425 GC heap before
{Heap before GC invocations=17 (full 3):
 PSYoungGen      total 646656K, used 13321K [0x00000000d6000000, 0x0000000100000000, 0x0000000100000000)
  eden space 604160K, 0% used [0x00000000d6000000,0x00000000d6000000,0x00000000fae00000)
  from space 42496K, 31% used [0x00000000fd680000,0x00000000fe382730,0x0000000100000000)
  to   space 41472K, 0% used [0x00000000fae00000,0x00000000fae00000,0x00000000fd680000)
 ParOldGen       total 131584K, used 123425K [0x0000000082000000, 0x000000008a080000, 0x00000000d6000000)
  object space 131584K, 93% used [0x0000000082000000,0x0000000089888430,0x000000008a080000)
 Metaspace       used 35018K, capacity 35195K, committed 35456K, reserved 1079296K
  class space    used 4623K, capacity 4693K, committed 4736K, reserved 1048576K
Event: 20.796 GC heap after
Heap after GC invocations=17 (full 3):
 PSYoungGen      total 646656K, used 0K [0x00000000d6000000, 0x0000000100000000, 0x0000000100000000)
  eden space 604160K, 0% used [0x00000000d6000000,0x00000000d6000000,0x00000000fae00000)
  from space 42496K, 0% used [0x00000000fd680000,0x00000000fd680000,0x0000000100000000)
  to   space 41472K, 0% used [0x00000000fae00000,0x00000000fae00000,0x00000000fd680000)
 ParOldGen       total 218112K, used 103587K [0x0000000082000000, 0x000000008f500000, 0x00000000d6000000)
  object space 218112K, 47% used [0x0000000082000000,0x0000000088528c48,0x000000008f500000)
 Metaspace       used 35018K, capacity 35195K, committed 35456K, reserved 1079296K
  class space    used 4623K, capacity 4693K, committed 4736K, reserved 1048576K
}

Deoptimization events (10 events):
Event: 20.212 Thread 0x0000000002015000 Uncommon trap: reason=unstable_if action=reinterpret pc=0x0000000002d9f7d4 method=net.minecraftforge.fml.common.asm.transformers.deobf.FMLRemappingAdapter$StaticFixingMethodVisitor.visitFieldInsn(ILjava/lang/String;Ljava/lang/String;Ljava/lang/String;)V @ É¥%åØ?4@
Event: 20.249 Thread 0x0000000002015000 Uncommon trap: reason=class_check action=maybe_recompile pc=0x0000000002da6f88 method=java.lang.AbstractStringBuilder.append(Ljava/lang/CharSequence;)Ljava/lang/AbstractStringBuilder; @ 10
Event: 20.249 Thread 0x0000000002015000 Uncommon trap: reason=class_check action=maybe_recompile pc=0x0000000002da6f88 method=java.lang.AbstractStringBuilder.append(Ljava/lang/CharSequence;)Ljava/lang/AbstractStringBuilder; @ 10
Event: 20.249 Thread 0x0000000002015000 Uncommon trap: reason=class_check action=maybe_recompile pc=0x0000000002da6f88 method=java.lang.AbstractStringBuilder.append(Ljava/lang/CharSequence;)Ljava/lang/AbstractStringBuilder; @ 10
Event: 20.249 Thread 0x0000000002015000 Uncommon trap: reason=class_check action=maybe_recompile pc=0x0000000002da6f88 method=java.lang.AbstractStringBuilder.append(Ljava/lang/CharSequence;)Ljava/lang/AbstractStringBuilder; @ 10
Event: 20.388 Thread 0x0000000002015000 Uncommon trap: reason=unstable_if action=reinterpret pc=0x00000000024371b8 method=java.util.jar.JarFile.maybeInstantiateVerifier()V @ 75
Event: 20.810 Thread 0x0000000002015000 Uncommon trap: reason=unstable_if action=reinterpret pc=0x00000000024440f8 method=java.util.HashMap.putVal(ILjava/lang/Object;Ljava/lang/Object;ZZ)Ljava/lang/Object; @ 236
Event: 20.881 Thread 0x0000000002015000 Uncommon trap: reason=unstable_if action=reinterpret pc=0x00000000029e96ac method=java.util.LinkedHashMap.get(Ljava/lang/Object;)Ljava/lang/Object; @ 20
Event: 20.929 Thread 0x0000000002015000 Uncommon trap: reason=unstable_if action=reinterpret pc=0x0000000002a2a074 method=org.objectweb.asm.MethodWriter.getSize()I @ 561
Event: 20.929 Thread 0x0000000002015000 Uncommon trap: reason=unstable_if action=reinterpret pc=0x00000000029f2da0 method=org.objectweb.asm.MethodWriter.put(Lorg/objectweb/asm/ByteVector;)V @ 197

Internal exceptions (10 events):
Event: 20.877 Thread 0x000000001b11f800 Exception <a 'org/lwjgl/LWJGLException'> (0x00000000d734b6e8) thrown at [C:\re\workspace\8-2-build-windows-amd64-cygwin\jdk8u101\7261\hotspot\src\share\vm\prims\jni.cpp, line 709]
Event: 20.877 Thread 0x000000001b11f800 Exception <a 'org/lwjgl/LWJGLException'> (0x00000000d734bc30) thrown at [C:\re\workspace\8-2-build-windows-amd64-cygwin\jdk8u101\7261\hotspot\src\share\vm\prims\jni.cpp, line 709]
Event: 20.877 Thread 0x000000001b11f800 Exception <a 'org/lwjgl/LWJGLException'> (0x00000000d734c210) thrown at [C:\re\workspace\8-2-build-windows-amd64-cygwin\jdk8u101\7261\hotspot\src\share\vm\prims\jni.cpp, line 709]
Event: 20.877 Thread 0x000000001b11f800 Exception <a 'org/lwjgl/LWJGLException'> (0x00000000d734c818) thrown at [C:\re\workspace\8-2-build-windows-amd64-cygwin\jdk8u101\7261\hotspot\src\share\vm\prims\jni.cpp, line 709]
Event: 20.878 Thread 0x000000001b11f800 Exception <a 'org/lwjgl/LWJGLException'> (0x00000000d734cda8) thrown at [C:\re\workspace\8-2-build-windows-amd64-cygwin\jdk8u101\7261\hotspot\src\share\vm\prims\jni.cpp, line 709]
Event: 20.878 Thread 0x000000001b11f800 Exception <a 'org/lwjgl/LWJGLException'> (0x00000000d734d3d0) thrown at [C:\re\workspace\8-2-build-windows-amd64-cygwin\jdk8u101\7261\hotspot\src\share\vm\prims\jni.cpp, line 709]
Event: 20.878 Thread 0x000000001b11f800 Exception <a 'org/lwjgl/LWJGLException'> (0x00000000d734da18) thrown at [C:\re\workspace\8-2-build-windows-amd64-cygwin\jdk8u101\7261\hotspot\src\share\vm\prims\jni.cpp, line 709]
Event: 20.878 Thread 0x000000001b11f800 Exception <a 'org/lwjgl/LWJGLException'> (0x00000000d734df98) thrown at [C:\re\workspace\8-2-build-windows-amd64-cygwin\jdk8u101\7261\hotspot\src\share\vm\prims\jni.cpp, line 709]
Event: 20.899 Thread 0x0000000002015000 Exception <a 'java/io/IOException'> (0x00000000d6631ee8) thrown at [C:\re\workspace\8-2-build-windows-amd64-cygwin\jdk8u101\7261\hotspot\src\share\vm\prims\jni.cpp, line 709]
Event: 20.902 Thread 0x0000000002015000 Exception <a 'java/io/IOException'> (0x00000000d664b858) thrown at [C:\re\workspace\8-2-build-windows-amd64-cygwin\jdk8u101\7261\hotspot\src\share\vm\prims\jni.cpp, line 709]

Events (10 events):
Event: 20.939 loading class org/lwjgl/openal/OpenALException done
Event: 20.940 Thread 0x0000000016c31800 flushing nmethod 0x0000000002b5b3d0
Event: 20.940 Thread 0x0000000016c31800 flushing nmethod 0x0000000002b71b10
Event: 20.940 Thread 0x0000000016c31800 flushing nmethod 0x0000000002b9ae10
Event: 20.940 Thread 0x0000000016c31800 flushing nmethod 0x0000000002b9d690
Event: 20.940 Thread 0x0000000016c31800 flushing nmethod 0x0000000002bdcc10
Event: 20.940 Thread 0x0000000016c31800 flushing nmethod 0x0000000002c08d90
Event: 20.940 Thread 0x0000000016c31800 flushing nmethod 0x0000000002c0dcd0
Event: 20.941 loading class net/minecraft/client/renderer/block/model/multipart/Selector$Deserializer$2
Event: 20.941 loading class net/minecraft/client/renderer/block/model/multipart/Selector$Deserializer$2 done


Dynamic libraries:
0x00007ff7d2610000 - 0x00007ff7d2647000 	C:\Program Files\Java\jre1.8.0_101\bin\javaw.exe
0x00007ffadbeb0000 - 0x00007ffadc08b000 	C:\WINDOWS\SYSTEM32\ntdll.dll
0x00007ffad5720000 - 0x00007ffad5753000 	C:\Program Files\AVAST Software\Avast\x64\aswhooka.dll
0x00007ffad9a00000 - 0x00007ffad9aae000 	C:\WINDOWS\System32\KERNEL32.DLL
0x00007ffad8610000 - 0x00007ffad8859000 	C:\WINDOWS\System32\KERNELBASE.dll
0x00007ffadbcd0000 - 0x00007ffadbd71000 	C:\WINDOWS\System32\ADVAPI32.dll
0x00007ffadbd80000 - 0x00007ffadbe1d000 	C:\WINDOWS\System32\msvcrt.dll
0x00007ffadb6e0000 - 0x00007ffadb739000 	C:\WINDOWS\System32\sechost.dll
0x00007ffad9e10000 - 0x00007ffad9f35000 	C:\WINDOWS\System32\RPCRT4.dll
0x00007ffadb380000 - 0x00007ffadb4ca000 	C:\WINDOWS\System32\USER32.dll
0x00007ffad8960000 - 0x00007ffad897e000 	C:\WINDOWS\System32\win32u.dll
0x00007ffad9c20000 - 0x00007ffad9c47000 	C:\WINDOWS\System32\GDI32.dll
0x00007ffad89d0000 - 0x00007ffad8b58000 	C:\WINDOWS\System32\gdi32full.dll
0x00007ffad8c70000 - 0x00007ffad8d0a000 	C:\WINDOWS\System32\msvcp_win.dll
0x00007ffad8860000 - 0x00007ffad8956000 	C:\WINDOWS\System32\ucrtbase.dll
0x00007ffacb6f0000 - 0x00007ffacb957000 	C:\WINDOWS\WinSxS\amd64_microsoft.windows.common-controls_6595b64144ccf1df_6.0.15063.483_none_26002d27e7c744a2\COMCTL32.dll
0x00007ffadb950000 - 0x00007ffadbc49000 	C:\WINDOWS\System32\combase.dll
0x00007ffad85a0000 - 0x00007ffad860a000 	C:\WINDOWS\System32\bcryptPrimitives.dll
0x00007ffadbe80000 - 0x00007ffadbead000 	C:\WINDOWS\System32\IMM32.DLL
0x000000005ae40000 - 0x000000005af12000 	C:\Program Files\Java\jre1.8.0_101\bin\msvcr100.dll
0x000000005a5a0000 - 0x000000005ae3a000 	C:\Program Files\Java\jre1.8.0_101\bin\server\jvm.dll
0x00007ffadbc50000 - 0x00007ffadbc58000 	C:\WINDOWS\System32\PSAPI.DLL
0x00007ffad4cb0000 - 0x00007ffad4cb9000 	C:\WINDOWS\SYSTEM32\WSOCK32.dll
0x00007ffadbc60000 - 0x00007ffadbccc000 	C:\WINDOWS\System32\WS2_32.dll
0x00007ffacdcf0000 - 0x00007ffacdd13000 	C:\WINDOWS\SYSTEM32\WINMM.dll
0x00007ffacdce0000 - 0x00007ffacdcea000 	C:\WINDOWS\SYSTEM32\VERSION.dll
0x00007ffacdcb0000 - 0x00007ffacdcdb000 	C:\WINDOWS\SYSTEM32\WINMMBASE.dll
0x00007ffad8980000 - 0x00007ffad89c9000 	C:\WINDOWS\System32\cfgmgr32.dll
0x000000005a590000 - 0x000000005a59f000 	C:\Program Files\Java\jre1.8.0_101\bin\verify.dll
0x000000005a560000 - 0x000000005a589000 	C:\Program Files\Java\jre1.8.0_101\bin\java.dll
0x000000005a540000 - 0x000000005a556000 	C:\Program Files\Java\jre1.8.0_101\bin\zip.dll
0x00007ffad9f40000 - 0x00007ffadb377000 	C:\WINDOWS\System32\SHELL32.dll
0x00007ffadb620000 - 0x00007ffadb6ca000 	C:\WINDOWS\System32\shcore.dll
0x00007ffad8d10000 - 0x00007ffad9402000 	C:\WINDOWS\System32\windows.storage.dll
0x00007ffadb8f0000 - 0x00007ffadb941000 	C:\WINDOWS\System32\shlwapi.dll
0x00007ffad8360000 - 0x00007ffad8371000 	C:\WINDOWS\System32\kernel.appcore.dll
0x00007ffad8380000 - 0x00007ffad83cc000 	C:\WINDOWS\System32\powrprof.dll
0x00007ffad8340000 - 0x00007ffad8355000 	C:\WINDOWS\System32\profapi.dll
0x000000005a530000 - 0x000000005a53d000 	C:\Program Files\Java\jre1.8.0_101\bin\management.dll
0x000000005a510000 - 0x000000005a52a000 	C:\Program Files\Java\jre1.8.0_101\bin\net.dll
0x00007ffad7c30000 - 0x00007ffad7c8c000 	C:\WINDOWS\system32\mswsock.dll
0x000000005a4f0000 - 0x000000005a501000 	C:\Program Files\Java\jre1.8.0_101\bin\nio.dll
0x00007ffad7de0000 - 0x00007ffad7df7000 	C:\WINDOWS\SYSTEM32\CRYPTSP.dll
0x00007ffad7850000 - 0x00007ffad7884000 	C:\WINDOWS\system32\rsaenh.dll
0x00007ffad7ee0000 - 0x00007ffad7f05000 	C:\WINDOWS\SYSTEM32\bcrypt.dll
0x00007ffad8250000 - 0x00007ffad8279000 	C:\WINDOWS\SYSTEM32\USERENV.dll
0x00007ffad7dd0000 - 0x00007ffad7ddb000 	C:\WINDOWS\SYSTEM32\CRYPTBASE.dll
0x00007ffad79d0000 - 0x00007ffad7a07000 	C:\WINDOWS\SYSTEM32\IPHLPAPI.DLL
0x00007ffadb6d0000 - 0x00007ffadb6d8000 	C:\WINDOWS\System32\NSI.dll
0x00007ffacfe20000 - 0x00007ffacfe36000 	C:\WINDOWS\SYSTEM32\dhcpcsvc6.DLL
0x00007ffacfe00000 - 0x00007ffacfe1a000 	C:\WINDOWS\SYSTEM32\dhcpcsvc.DLL
0x00007ffad55c0000 - 0x00007ffad55ca000 	C:\Users\Petr Myslík\AppData\Local\Temp\jansi-64-1047044353061504746.dll
0x00007ffac0540000 - 0x00007ffac0556000 	C:\WINDOWS\system32\napinsp.dll
0x00007ffac0520000 - 0x00007ffac053a000 	C:\WINDOWS\system32\pnrpnsp.dll
0x00007ffad3240000 - 0x00007ffad3258000 	C:\WINDOWS\system32\NLAapi.dll
0x00007ffad7a10000 - 0x00007ffad7ab4000 	C:\WINDOWS\SYSTEM32\DNSAPI.dll
0x00007ffac25b0000 - 0x00007ffac25be000 	C:\WINDOWS\System32\winrnr.dll
0x00007ffad3350000 - 0x00007ffad3365000 	C:\WINDOWS\System32\wshbth.dll
0x00007ffac8840000 - 0x00007ffac884a000 	C:\Windows\System32\rasadhlp.dll
0x00007ffacff50000 - 0x00007ffacffbb000 	C:\WINDOWS\System32\fwpuclnt.dll
0x0000000180000000 - 0x0000000180053000 	C:\Users\Petr Myslík\.gradle\caches\minecraft\net\minecraft\natives\1.11.2\lwjgl64.dll
0x00007ffab7c80000 - 0x00007ffab7da1000 	C:\WINDOWS\SYSTEM32\OPENGL32.dll
0x00007ffabf540000 - 0x00007ffabf56c000 	C:\WINDOWS\SYSTEM32\GLU32.dll
0x000000005a350000 - 0x000000005a4e8000 	C:\Program Files\Java\jre1.8.0_101\bin\awt.dll
0x00007ffad9cb0000 - 0x00007ffad9d70000 	C:\WINDOWS\System32\OLEAUT32.dll
0x00007ffad6670000 - 0x00007ffad66ee000 	C:\WINDOWS\SYSTEM32\apphelp.dll
0x00007ffad6880000 - 0x00007ffad6915000 	C:\WINDOWS\system32\uxtheme.dll
0x00007ffad9ab0000 - 0x00007ffad9c16000 	C:\WINDOWS\System32\MSCTF.dll
0x00007ffac4ac0000 - 0x00007ffac4b61000 	C:\Program Files\Common Files\microsoft shared\ink\tiptsf.dll
0x00007ffacd220000 - 0x00007ffacd24a000 	C:\WINDOWS\system32\dwmapi.dll
0x00007ffa8f9e0000 - 0x00007ffa9072a000 	C:\WINDOWS\System32\DriverStore\FileRepository\igdlh64.inf_amd64_463164d40c3d26ce\ig9icd64.dll
0x00007ffad4dc0000 - 0x00007ffad4dd3000 	C:\WINDOWS\SYSTEM32\WTSAPI32.dll
0x00007ffad2ef0000 - 0x00007ffad2f83000 	C:\WINDOWS\SYSTEM32\mscms.dll
0x00007ffabf620000 - 0x00007ffabf661000 	C:\WINDOWS\SYSTEM32\icm32.dll
0x00007ffad9d70000 - 0x00007ffad9e0e000 	C:\WINDOWS\System32\clbcatq.dll
0x00007ffac3700000 - 0x00007ffac38c5000 	C:\Windows\System32\uiautomationcore.dll
0x00007ffad8180000 - 0x00007ffad821a000 	C:\WINDOWS\SYSTEM32\sxs.dll
0x00007ffad6010000 - 0x00007ffad60f3000 	C:\Windows\System32\CoreMessaging.dll
0x00007ffac7db0000 - 0x00007ffac8082000 	C:\Windows\System32\CoreUIComponents.dll
0x00007ffad7680000 - 0x00007ffad76b1000 	C:\WINDOWS\SYSTEM32\ntmarta.dll
0x00007ffad4e00000 - 0x00007ffad4f39000 	C:\WINDOWS\SYSTEM32\wintypes.dll
0x00007ffad4c90000 - 0x00007ffad4ca5000 	C:\WINDOWS\SYSTEM32\usermgrcli.dll
0x00007ffac38d0000 - 0x00007ffac4a2d000 	C:\WINDOWS\System32\DriverStore\FileRepository\igdlh64.inf_amd64_463164d40c3d26ce\igc64.dll
0x000000001e230000 - 0x000000001e268000 	C:\Users\Petr Myslík\AppData\Local\Temp\jna\jna6102753525060468717.dll
0x000000001ffe0000 - 0x0000000020044000 	C:\Users\Petr Myslík\.gradle\caches\minecraft\net\minecraft\natives\1.11.2\OpenAL64.dll
0x00007ffadb4d0000 - 0x00007ffadb615000 	C:\WINDOWS\System32\ole32.dll
0x00007ffad2400000 - 0x00007ffad2467000 	C:\WINDOWS\System32\MMDevApi.dll
0x00007ffad6cb0000 - 0x00007ffad6cd8000 	C:\WINDOWS\System32\DEVOBJ.dll
0x00007ffad1cc0000 - 0x00007ffad1e56000 	C:\WINDOWS\System32\PROPSYS.dll
0x00007ffabf590000 - 0x00007ffabf61c000 	C:\WINDOWS\SYSTEM32\dsound.dll
0x00007ffad0250000 - 0x00007ffad0355000 	C:\WINDOWS\SYSTEM32\AUDIOSES.DLL
0x00007ffad45b0000 - 0x00007ffad45bb000 	C:\WINDOWS\SYSTEM32\AVRT.dll
0x00007ffad45c0000 - 0x00007ffad4769000 	C:\WINDOWS\SYSTEM32\dbghelp.dll

VM Arguments:
jvm_args: -DFORGE_FORCE_FRAME_RECALC=true -Dfile.encoding=Cp1250 
java_command: GradleStart
java_class_path (initial): C:\Users\Petr Myslík\.gradle\caches\minecraft\net\minecraftforge\forge\1.11.2-13.20.0.2228\snapshot\20161220\forgeSrc-1.11.2-13.20.0.2228.jar;C:\Users\Petr Myslík\.gradle\caches\modules-2\files-2.1\com.google.code.findbugs\jsr305\3.0.1\f7be08ec23c21485b9b5a1cf1654c2ec8c58168d\jsr305-3.0.1.jar;C:\Users\Petr Myslík\.gradle\caches\modules-2\files-2.1\com.mojang\netty\1.6\4b75825a06139752bd800d9e29c5fd55b8b1b1e4\netty-1.6.jar;C:\Users\Petr Myslík\.gradle\caches\modules-2\files-2.1\oshi-project\oshi-core\1.1\9ddf7b048a8d701be231c0f4f95fd986198fd2d8\oshi-core-1.1.jar;C:\Users\Petr Myslík\.gradle\caches\modules-2\files-2.1\net.java.dev.jna\jna\3.4.0\803ff252fedbd395baffd43b37341dc4a150a554\jna-3.4.0.jar;C:\Users\Petr Myslík\.gradle\caches\modules-2\files-2.1\net.java.dev.jna\platform\3.4.0\e3f70017be8100d3d6923f50b3d2ee17714e9c13\platform-3.4.0.jar;C:\Users\Petr Myslík\.gradle\caches\modules-2\files-2.1\com.ibm.icu\icu4j-core-mojang\51.2\63d216a9311cca6be337c1e458e587f99d382b84\icu4j-core-mojang-51.2.jar;C:\Users\Petr Myslík\.gradle\caches\modules-2\files-2.1\net.sf.jopt-simple\jopt-simple\4.6\306816fb57cf94f108a43c95731b08934dcae15c\jopt-simple-4.6.jar;C:\Users\Petr Myslík\.gradle\caches\modules-2\files-2.1\io.netty\netty-all\4.0.23.Final\294104aaf1781d6a56a07d561e792c5d0c95f45\netty-all-4.0.23.Final.jar;C:\Users\Petr Myslík\.gradle\caches\modules-2\files-2.1\com.google.guava\guava\17.0\9c6ef172e8de35fd8d4d8783e4821e57cdef7445\guava-17.0.jar;C:\Users\Petr Myslík\.gradle\caches\modules-2\files-2.1\org.apache.commons\commons-lang3\3.3.2\90a3822c38ec8c996e84c16a3477ef632cbc87a3\commons-lang3-3.3.2.jar;C:\Users\Petr Myslík\.gradle\caches\modules-2\files-2.1\commons-io\commons-io\2.4\b1b6ea3b7e4aa4f492509a4952029cd8e48019ad\commons-io-2.4.jar;C:\Users\Petr Myslík\.gradle\caches\modules-2\files-2.1\commons-codec\commons-codec\1.9\9ce04e34240f674bc72680f8b843b1457383161a\commons-codec-1.9.jar;C:\Users\Petr Myslík\.gradle\caches\modules-2\files-2.1\ne
Launcher Type: SUN_STANDARD

Environment Variables:
JAVA_HOME=C:\Program Files\Java\jdk1.8.0_111
PATH=C:/Program Files/Java/jre1.8.0_121/bin/server;C:/Program Files/Java/jre1.8.0_121/bin;C:/Program Files/Java/jre1.8.0_121/lib/amd64;C:\ProgramData\Oracle\Java\javapath;C:\Program Files (x86)\Intel\iCLS Client\;C:\Program Files\Intel\iCLS Client\;C:\Windows\system32;C:\Windows;C:\Windows\System32\Wbem;C:\Windows\System32\WindowsPowerShell\v1.0\;C:\Program Files (x86)\Intel\Intel(R) Management Engine Components\DAL;C:\Program Files\Intel\Intel(R) Management Engine Components\DAL;C:\Program Files (x86)\Intel\Intel(R) Management Engine Components\IPT;C:\Program Files\Intel\Intel(R) Management Engine Components\IPT;C:\Program Files (x86)\NVIDIA Corporation\PhysX\Common;C:\Program Files (x86)\Java\jre1.8.0_121\bin;C:\Program Files (x86)\Java\jdk1.8.0_111\bin;C:\WINDOWS\system32;C:\WINDOWS;C:\WINDOWS\System32\Wbem;C:\WINDOWS\System32\WindowsPowerShell\v1.0\;C:\Users\Petr Myslík\AppData\LocalLow\Oracle\Java;C:\Program Files\Intel\WiFi\bin\;C:\Program Files\Common Files\Intel\WirelessCommon\;C:\Users\Petr Myslík\AppData\Local\Microsoft\WindowsApps;;C:\Users\Petr Myslík\Desktop\eclipse;
USERNAME=Petr Myslík
OS=Windows_NT
PROCESSOR_IDENTIFIER=Intel64 Family 6 Model 78 Stepping 3, GenuineIntel



---------------  S Y S T E M  ---------------

OS: Windows 10.0 , 64 bit Build 15063 (10.0.15063.296)

CPU:total 4 (2 cores per cpu, 2 threads per core) family 6 model 78 stepping 3, cmov, cx8, fxsr, mmx, sse, sse2, sse3, ssse3, sse4.1, sse4.2, popcnt, avx, avx2, aes, clmul, erms, 3dnowpref, lzcnt, ht, tsc, tscinvbit, bmi1, bmi2, adx

Memory: 4k page, physical 8253808k(3469328k free), swap 9761136k(3177760k free)

vm_info: Java HotSpot(TM) 64-Bit Server VM (25.101-b13) for windows-amd64 JRE (1.8.0_101-b13), built on Jun 22 2016 01:21:29 by "java_re" with MS VC++ 10.0 (VS2010)

time: Fri Jul 14 16:58:25 2017
elapsed time: 21 seconds (0d 0h 0m 21s)

